2018-05-31 19:36:01,960 [INFO ][main            ][                EhdPageHandler] - Initialize the hidden browser
2018-05-31 19:36:12,856 [INFO ][main            ][                EhdPageHandler] - Load page: http://10.0.12.235:2222/uds-admin/
2018-05-31 19:36:13,182 [INFO ][main            ][               AbstractEhdPage] - Waiting for the process to finish: Инициализация...
2018-05-31 19:36:16,292 [INFO ][main            ][               AbstractEhdPage] - Waiting for the process to finish: Инициализация...
2018-05-31 19:36:19,380 [INFO ][main            ][               AbstractEhdPage] - Waiting for the process to finish: Инициализация...
2018-05-31 19:36:22,493 [INFO ][main            ][               AbstractEhdPage] - Waiting for the process to finish: Инициализация...
2018-05-31 19:36:25,595 [INFO ][main            ][               AbstractEhdPage] - Waiting for the process to finish: Инициализация...
2018-05-31 19:36:28,690 [INFO ][main            ][               AbstractEhdPage] - Waiting for the process to finish: Инициализация...
2018-05-31 19:36:31,770 [INFO ][main            ][               AbstractEhdPage] - Waiting for the process to finish: Загрузка...
2018-05-31 19:36:35,093 [INFO ][main            ][               AbstractEhdPage] - Search document with number: 2280885
2018-05-31 19:36:35,429 [INFO ][main            ][               AbstractEhdPage] - Waiting for the process to finish: Загрузка...
2018-05-31 19:36:38,689 [INFO ][main            ][                EhdPageHandler] - Read the list of last documents!
2018-05-31 19:36:40,072 [INFO ][main            ][                EhdPageHandler] - Open the document's card
2018-05-31 20:00:00,969 [INFO ][main            ][                EhdPageHandler] - Initialize the hidden browser
2018-05-31 20:00:11,272 [INFO ][main            ][                EhdPageHandler] - Load page: http://10.0.12.235:2222/uds-admin/
2018-05-31 20:00:11,675 [INFO ][main            ][               AbstractEhdPage] - Waiting for the process to finish: Инициализация...
2018-05-31 20:00:14,779 [INFO ][main            ][               AbstractEhdPage] - Waiting for the process to finish: Инициализация...
2018-05-31 20:00:17,886 [INFO ][main            ][               AbstractEhdPage] - Waiting for the process to finish: Инициализация...
2018-05-31 20:00:20,997 [INFO ][main            ][               AbstractEhdPage] - Waiting for the process to finish: Инициализация...
2018-05-31 20:00:24,092 [INFO ][main            ][               AbstractEhdPage] - Waiting for the process to finish: Инициализация...
2018-05-31 20:00:28,921 [INFO ][main            ][               AbstractEhdPage] - Waiting for the process to finish: Загрузка...
2018-05-31 20:00:32,237 [INFO ][main            ][               AbstractEhdPage] - Search document with number: 2280885
2018-05-31 20:00:32,548 [INFO ][main            ][               AbstractEhdPage] - Waiting for the process to finish: Загрузка...
2018-05-31 20:00:35,838 [INFO ][main            ][               AbstractEhdPage] - Read the list of last documents!
2018-05-31 20:00:37,236 [INFO ][main            ][               AbstractEhdPage] - Open the document's card
2018-05-31 20:00:37,284 [INFO ][main            ][                EhdPageHandler] - 
The ID of document with number '2280885': 1601355
