2018-06-01 11:30:40,932 [ERROR][main            ][                     VIOuploader] - FAILER
java.lang.NumberFormatException: null
	at java.lang.Integer.parseInt(Integer.java:542)
	at java.lang.Integer.parseInt(Integer.java:615)
	at VIOuploader.initProp(VIOuploader.java:65)
	at VIOuploader.<init>(VIOuploader.java:41)
	at VIOuploader.main(VIOuploader.java:28)
2018-06-01 11:30:41,013 [ERROR][main            ][                     VIOuploader] - FAILER
java.lang.NullPointerException
	at VIOuploader.send(VIOuploader.java:51)
	at VIOuploader.main(VIOuploader.java:33)
2018-06-01 11:55:40,207 [ERROR][main            ][                   VIOuploader] - FAILED
java.nio.file.NoSuchFileException: VIOuploader.properties
	at sun.nio.fs.WindowsException.translateToIOException(WindowsException.java:79)
	at sun.nio.fs.WindowsException.rethrowAsIOException(WindowsException.java:97)
	at sun.nio.fs.WindowsException.rethrowAsIOException(WindowsException.java:102)
	at sun.nio.fs.WindowsFileSystemProvider.newByteChannel(WindowsFileSystemProvider.java:230)
	at java.nio.file.Files.newByteChannel(Files.java:361)
	at java.nio.file.Files.newByteChannel(Files.java:407)
	at java.nio.file.spi.FileSystemProvider.newInputStream(FileSystemProvider.java:384)
	at java.nio.file.Files.newInputStream(Files.java:152)
	at VIOuploader.initProp(VIOuploader.java:61)
	at VIOuploader.<init>(VIOuploader.java:41)
	at VIOuploader.main(VIOuploader.java:28)
2018-06-01 11:55:40,302 [ERROR][main            ][                   VIOuploader] - FAILED
java.lang.NullPointerException
	at VIOuploader.send(VIOuploader.java:51)
	at VIOuploader.main(VIOuploader.java:33)
