2018-06-14 17:02:40,627 [ERROR][main            ][                      MQClient] - FAILED
java.lang.IllegalArgumentException: Could not load a message from file 'Reg_UOPS-S_SaveDocAndCont.json'
	at MQSender.doRun(MQSender.java:40)
	at MQClient.run(MQClient.java:38)
	at MQSender.main(MQSender.java:25)
2018-06-14 17:03:15,744 [ERROR][main            ][                      MQClient] - FAILED
java.lang.IllegalArgumentException: Could not load a message from file 'Reg_UOPS-S_SaveDocAndCont.json'
	at MQSender.doRun(MQSender.java:40)
	at MQClient.run(MQClient.java:38)
	at MQSender.main(MQSender.java:25)
2018-06-14 17:03:50,559 [ERROR][main            ][                      MQClient] - FAILED
java.lang.IllegalArgumentException: Could not load a message from file 'Reg_UOPS-S_SaveDocAndCont.json'
	at MQSender.doRun(MQSender.java:40)
	at MQClient.run(MQClient.java:38)
	at MQSender.main(MQSender.java:25)
2018-06-14 18:18:18,869 [ERROR][main            ][                      MQClient] - FAILED
com.ibm.msg.client.jms.DetailedIllegalStateException: JMSCC0020: Сеанс закрыт. Приложение, вызвавшее метод, не должно использоваться после закрытия сеанса. Убедитесь в том, что сеанс не закрыт, перед вызовом метода.
	at sun.reflect.NativeConstructorAccessorImpl.newInstance0(Native Method)
	at sun.reflect.NativeConstructorAccessorImpl.newInstance(NativeConstructorAccessorImpl.java:62)
	at sun.reflect.DelegatingConstructorAccessorImpl.newInstance(DelegatingConstructorAccessorImpl.java:45)
	at java.lang.reflect.Constructor.newInstance(Constructor.java:423)
	at com.ibm.msg.client.commonservices.j2se.NLSServices.createException(NLSServices.java:313)
	at com.ibm.msg.client.commonservices.nls.NLSServices.createException(NLSServices.java:390)
	at com.ibm.msg.client.jms.internal.JmsErrorUtils.createException(JmsErrorUtils.java:104)
	at com.ibm.msg.client.jms.internal.State.checkNotClosed(State.java:145)
	at com.ibm.msg.client.jms.internal.JmsSessionImpl.checkNotClosed(JmsSessionImpl.java:2438)
	at com.ibm.msg.client.jms.internal.JmsSessionImpl.createProducer(JmsSessionImpl.java:1121)
	at com.ibm.mq.jms.MQSession.createProducer(MQSession.java:593)
	at MQClient.sendMessage(MQClient.java:122)
	at MQSender.run(MQSender.java:41)
	at MQSender.main(MQSender.java:26)
2018-06-14 18:19:16,915 [ERROR][main            ][                      MQClient] - FAILED
com.ibm.msg.client.jms.DetailedIllegalStateException: JMSCC0020: Сеанс закрыт. Приложение, вызвавшее метод, не должно использоваться после закрытия сеанса. Убедитесь в том, что сеанс не закрыт, перед вызовом метода.
	at sun.reflect.NativeConstructorAccessorImpl.newInstance0(Native Method)
	at sun.reflect.NativeConstructorAccessorImpl.newInstance(NativeConstructorAccessorImpl.java:62)
	at sun.reflect.DelegatingConstructorAccessorImpl.newInstance(DelegatingConstructorAccessorImpl.java:45)
	at java.lang.reflect.Constructor.newInstance(Constructor.java:423)
	at com.ibm.msg.client.commonservices.j2se.NLSServices.createException(NLSServices.java:313)
	at com.ibm.msg.client.commonservices.nls.NLSServices.createException(NLSServices.java:390)
	at com.ibm.msg.client.jms.internal.JmsErrorUtils.createException(JmsErrorUtils.java:104)
	at com.ibm.msg.client.jms.internal.State.checkNotClosed(State.java:145)
	at com.ibm.msg.client.jms.internal.JmsSessionImpl.checkNotClosed(JmsSessionImpl.java:2438)
	at com.ibm.msg.client.jms.internal.JmsSessionImpl.createProducer(JmsSessionImpl.java:1121)
	at com.ibm.mq.jms.MQSession.createProducer(MQSession.java:593)
	at MQClient.sendMessage(MQClient.java:120)
	at MQSender.run(MQSender.java:42)
	at MQSender.main(MQSender.java:27)
2018-06-14 18:19:53,857 [ERROR][main            ][                      MQClient] - FAILED
com.ibm.msg.client.jms.DetailedIllegalStateException: JMSCC0020: Сеанс закрыт. Приложение, вызвавшее метод, не должно использоваться после закрытия сеанса. Убедитесь в том, что сеанс не закрыт, перед вызовом метода.
	at sun.reflect.NativeConstructorAccessorImpl.newInstance0(Native Method)
	at sun.reflect.NativeConstructorAccessorImpl.newInstance(NativeConstructorAccessorImpl.java:62)
	at sun.reflect.DelegatingConstructorAccessorImpl.newInstance(DelegatingConstructorAccessorImpl.java:45)
	at java.lang.reflect.Constructor.newInstance(Constructor.java:423)
	at com.ibm.msg.client.commonservices.j2se.NLSServices.createException(NLSServices.java:313)
	at com.ibm.msg.client.commonservices.nls.NLSServices.createException(NLSServices.java:390)
	at com.ibm.msg.client.jms.internal.JmsErrorUtils.createException(JmsErrorUtils.java:104)
	at com.ibm.msg.client.jms.internal.State.checkNotClosed(State.java:145)
	at com.ibm.msg.client.jms.internal.JmsSessionImpl.checkNotClosed(JmsSessionImpl.java:2438)
	at com.ibm.msg.client.jms.internal.JmsSessionImpl.createProducer(JmsSessionImpl.java:1121)
	at com.ibm.mq.jms.MQSession.createProducer(MQSession.java:593)
	at MQClient.sendMessage(MQClient.java:120)
	at MQSender.run(MQSender.java:42)
	at MQSender.main(MQSender.java:27)
2018-06-14 18:21:36,848 [ERROR][main            ][                      MQClient] - FAILED
com.ibm.msg.client.jms.DetailedIllegalStateException: JMSCC0020: Сеанс закрыт. Приложение, вызвавшее метод, не должно использоваться после закрытия сеанса. Убедитесь в том, что сеанс не закрыт, перед вызовом метода.
	at sun.reflect.NativeConstructorAccessorImpl.newInstance0(Native Method)
	at sun.reflect.NativeConstructorAccessorImpl.newInstance(NativeConstructorAccessorImpl.java:62)
	at sun.reflect.DelegatingConstructorAccessorImpl.newInstance(DelegatingConstructorAccessorImpl.java:45)
	at java.lang.reflect.Constructor.newInstance(Constructor.java:423)
	at com.ibm.msg.client.commonservices.j2se.NLSServices.createException(NLSServices.java:313)
	at com.ibm.msg.client.commonservices.nls.NLSServices.createException(NLSServices.java:390)
	at com.ibm.msg.client.jms.internal.JmsErrorUtils.createException(JmsErrorUtils.java:104)
	at com.ibm.msg.client.jms.internal.State.checkNotClosed(State.java:145)
	at com.ibm.msg.client.jms.internal.JmsSessionImpl.checkNotClosed(JmsSessionImpl.java:2438)
	at com.ibm.msg.client.jms.internal.JmsSessionImpl.createProducer(JmsSessionImpl.java:1121)
	at com.ibm.mq.jms.MQSession.createProducer(MQSession.java:593)
	at MQClient.sendMessage(MQClient.java:120)
	at MQSender.run(MQSender.java:42)
	at MQSender.main(MQSender.java:27)
2018-06-14 18:21:56,571 [ERROR][main            ][                      MQClient] - FAILED
com.ibm.msg.client.jms.DetailedIllegalStateException: JMSCC0020: Сеанс закрыт. Приложение, вызвавшее метод, не должно использоваться после закрытия сеанса. Убедитесь в том, что сеанс не закрыт, перед вызовом метода.
	at sun.reflect.NativeConstructorAccessorImpl.newInstance0(Native Method)
	at sun.reflect.NativeConstructorAccessorImpl.newInstance(NativeConstructorAccessorImpl.java:62)
	at sun.reflect.DelegatingConstructorAccessorImpl.newInstance(DelegatingConstructorAccessorImpl.java:45)
	at java.lang.reflect.Constructor.newInstance(Constructor.java:423)
	at com.ibm.msg.client.commonservices.j2se.NLSServices.createException(NLSServices.java:313)
	at com.ibm.msg.client.commonservices.nls.NLSServices.createException(NLSServices.java:390)
	at com.ibm.msg.client.jms.internal.JmsErrorUtils.createException(JmsErrorUtils.java:104)
	at com.ibm.msg.client.jms.internal.State.checkNotClosed(State.java:145)
	at com.ibm.msg.client.jms.internal.JmsSessionImpl.checkNotClosed(JmsSessionImpl.java:2438)
	at com.ibm.msg.client.jms.internal.JmsSessionImpl.createProducer(JmsSessionImpl.java:1121)
	at com.ibm.mq.jms.MQSession.createProducer(MQSession.java:593)
	at MQClient.sendMessage(MQClient.java:120)
	at MQSender.run(MQSender.java:42)
	at MQSender.main(MQSender.java:27)
