2018-06-03 00:39:45,083 [ERROR][main            ][        SenderService.VIOSender] - FAILED
java.lang.IllegalArgumentException: baseUrl must end in /: http://172.22.116.68:9080/vio-emulator
	at retrofit2.Retrofit$Builder.baseUrl(Retrofit.java:515)
	at retrofit2.Retrofit$Builder.baseUrl(Retrofit.java:458)
	at SenderService.SendToUspn.SendServiceImpl.sendToUspn(SendServiceImpl.java:67)
	at SenderService.SendToUspn.SendServiceImpl.sendToUspn(SendServiceImpl.java:60)
	at SenderService.VIOSender.send(VIOsender.java:55)
	at Main.main(Main.java:14)
2018-06-03 00:40:11,097 [ERROR][main            ][        SenderService.VIOSender] - FAILED
java.lang.IllegalArgumentException: Unable to create converter for class java.lang.String
    for method SendService.sendToUspn
	at retrofit2.ServiceMethod$Builder.methodError(ServiceMethod.java:755)
	at retrofit2.ServiceMethod$Builder.createResponseConverter(ServiceMethod.java:741)
	at retrofit2.ServiceMethod$Builder.build(ServiceMethod.java:172)
	at retrofit2.Retrofit.loadServiceMethod(Retrofit.java:170)
	at retrofit2.Retrofit$1.invoke(Retrofit.java:147)
	at com.sun.proxy.$Proxy0.sendToUspn(Unknown Source)
	at SenderService.SendToUspn.SendServiceImpl.sendToUspn(SendServiceImpl.java:71)
	at SenderService.SendToUspn.SendServiceImpl.sendToUspn(SendServiceImpl.java:60)
	at SenderService.VIOSender.send(VIOsender.java:55)
	at Main.main(Main.java:14)
Caused by: java.lang.IllegalArgumentException: Could not locate ResponseBody converter for class java.lang.String.
  Tried:
   * retrofit2.BuiltInConverters
	at retrofit2.Retrofit.nextResponseBodyConverter(Retrofit.java:351)
	at retrofit2.Retrofit.responseBodyConverter(Retrofit.java:313)
	at retrofit2.ServiceMethod$Builder.createResponseConverter(ServiceMethod.java:739)
	... 8 more
2018-06-03 00:40:52,235 [ERROR][main            ][        SenderService.VIOSender] - FAILED
java.lang.IllegalArgumentException: Unable to create converter for class java.lang.String
    for method SendService.sendToUspn
	at retrofit2.ServiceMethod$Builder.methodError(ServiceMethod.java:755)
	at retrofit2.ServiceMethod$Builder.createResponseConverter(ServiceMethod.java:741)
	at retrofit2.ServiceMethod$Builder.build(ServiceMethod.java:172)
	at retrofit2.Retrofit.loadServiceMethod(Retrofit.java:170)
	at retrofit2.Retrofit$1.invoke(Retrofit.java:147)
	at com.sun.proxy.$Proxy0.sendToUspn(Unknown Source)
	at SenderService.SendToUspn.SendServiceImpl.sendToUspn(SendServiceImpl.java:71)
	at SenderService.SendToUspn.SendServiceImpl.sendToUspn(SendServiceImpl.java:60)
	at SenderService.VIOSender.send(VIOsender.java:55)
	at Main.main(Main.java:14)
Caused by: java.lang.IllegalArgumentException: Could not locate ResponseBody converter for class java.lang.String.
  Tried:
   * retrofit2.BuiltInConverters
	at retrofit2.Retrofit.nextResponseBodyConverter(Retrofit.java:351)
	at retrofit2.Retrofit.responseBodyConverter(Retrofit.java:313)
	at retrofit2.ServiceMethod$Builder.createResponseConverter(ServiceMethod.java:739)
	... 8 more
2018-06-03 00:41:14,204 [ERROR][main            ][        SenderService.VIOSender] - FAILED
java.lang.IllegalArgumentException: Unable to create converter for class java.lang.String
    for method SendService.sendToUspn
	at retrofit2.ServiceMethod$Builder.methodError(ServiceMethod.java:755)
	at retrofit2.ServiceMethod$Builder.createResponseConverter(ServiceMethod.java:741)
	at retrofit2.ServiceMethod$Builder.build(ServiceMethod.java:172)
	at retrofit2.Retrofit.loadServiceMethod(Retrofit.java:170)
	at retrofit2.Retrofit$1.invoke(Retrofit.java:147)
	at com.sun.proxy.$Proxy0.sendToUspn(Unknown Source)
	at SenderService.SendToUspn.SendServiceImpl.sendToUspn(SendServiceImpl.java:71)
	at SenderService.SendToUspn.SendServiceImpl.sendToUspn(SendServiceImpl.java:60)
	at SenderService.VIOSender.send(VIOsender.java:55)
	at Main.main(Main.java:14)
Caused by: java.lang.IllegalArgumentException: Could not locate ResponseBody converter for class java.lang.String.
  Tried:
   * retrofit2.BuiltInConverters
	at retrofit2.Retrofit.nextResponseBodyConverter(Retrofit.java:351)
	at retrofit2.Retrofit.responseBodyConverter(Retrofit.java:313)
	at retrofit2.ServiceMethod$Builder.createResponseConverter(ServiceMethod.java:739)
	... 8 more
2018-06-03 00:41:44,922 [ERROR][main            ][        SenderService.VIOSender] - FAILED
java.lang.IllegalArgumentException: Unable to create converter for class java.lang.String
    for method SendService.sendToUspn
	at retrofit2.ServiceMethod$Builder.methodError(ServiceMethod.java:755)
	at retrofit2.ServiceMethod$Builder.createResponseConverter(ServiceMethod.java:741)
	at retrofit2.ServiceMethod$Builder.build(ServiceMethod.java:172)
	at retrofit2.Retrofit.loadServiceMethod(Retrofit.java:170)
	at retrofit2.Retrofit$1.invoke(Retrofit.java:147)
	at com.sun.proxy.$Proxy0.sendToUspn(Unknown Source)
	at SenderService.SendToUspn.SendServiceImpl.sendToUspn(SendServiceImpl.java:70)
	at SenderService.SendToUspn.SendServiceImpl.sendToUspn(SendServiceImpl.java:60)
	at SenderService.VIOSender.send(VIOsender.java:55)
	at Main.main(Main.java:14)
Caused by: java.lang.IllegalArgumentException: Could not locate ResponseBody converter for class java.lang.String.
  Tried:
   * retrofit2.BuiltInConverters
	at retrofit2.Retrofit.nextResponseBodyConverter(Retrofit.java:351)
	at retrofit2.Retrofit.responseBodyConverter(Retrofit.java:313)
	at retrofit2.ServiceMethod$Builder.createResponseConverter(ServiceMethod.java:739)
	... 8 more
2018-06-03 00:48:56,625 [ERROR][main            ][        SenderService.VIOSender] - FAILED
java.lang.NullPointerException
	at SenderService.SendToUspn.SendServiceImpl.sendToUspn(SendServiceImpl.java:74)
	at SenderService.SendToUspn.SendServiceImpl.sendToUspn(SendServiceImpl.java:62)
	at SenderService.VIOSender.send(VIOsender.java:55)
	at Main.main(Main.java:14)
2018-06-03 00:49:17,546 [ERROR][main            ][        SenderService.VIOSender] - FAILED
java.lang.NullPointerException
	at SenderService.SendToUspn.SendServiceImpl.sendToUspn(SendServiceImpl.java:74)
	at SenderService.SendToUspn.SendServiceImpl.sendToUspn(SendServiceImpl.java:62)
	at SenderService.VIOSender.send(VIOsender.java:55)
	at Main.main(Main.java:14)
2018-06-03 01:09:49,302 [ERROR][main            ][        SenderService.VIOSender] - FAILED
java.lang.IllegalArgumentException: @Headers value must be in the form "Name: Value". Found: "Content-type"
    for method SendService.sendToUspn
	at retrofit2.ServiceMethod$Builder.methodError(ServiceMethod.java:755)
	at retrofit2.ServiceMethod$Builder.methodError(ServiceMethod.java:746)
	at retrofit2.ServiceMethod$Builder.parseHeaders(ServiceMethod.java:317)
	at retrofit2.ServiceMethod$Builder.parseMethodAnnotation(ServiceMethod.java:270)
	at retrofit2.ServiceMethod$Builder.build(ServiceMethod.java:175)
	at retrofit2.Retrofit.loadServiceMethod(Retrofit.java:170)
	at retrofit2.Retrofit$1.invoke(Retrofit.java:147)
	at com.sun.proxy.$Proxy0.sendToUspn(Unknown Source)
	at SenderService.SendToUspn.SendServiceImpl.sendToUspn(SendServiceImpl.java:77)
	at SenderService.SendToUspn.SendServiceImpl.sendToUspn(SendServiceImpl.java:64)
	at SenderService.VIOSender.send(VIOsender.java:55)
	at Main.main(Main.java:14)
2018-06-03 01:20:37,196 [ERROR][main            ][        SenderService.VIOSender] - FAILED
java.lang.IllegalArgumentException: @Headers value must be in the form "Name: Value". Found: "Content-type"
    for method SendService.sendToUspn
	at retrofit2.ServiceMethod$Builder.methodError(ServiceMethod.java:755)
	at retrofit2.ServiceMethod$Builder.methodError(ServiceMethod.java:746)
	at retrofit2.ServiceMethod$Builder.parseHeaders(ServiceMethod.java:317)
	at retrofit2.ServiceMethod$Builder.parseMethodAnnotation(ServiceMethod.java:270)
	at retrofit2.ServiceMethod$Builder.build(ServiceMethod.java:175)
	at retrofit2.Retrofit.loadServiceMethod(Retrofit.java:170)
	at retrofit2.Retrofit$1.invoke(Retrofit.java:147)
	at com.sun.proxy.$Proxy0.sendToUspn(Unknown Source)
	at SenderService.SendToUspn.SendServiceImpl.sendToUspn(SendServiceImpl.java:77)
	at SenderService.SendToUspn.SendServiceImpl.sendToUspn(SendServiceImpl.java:64)
	at SenderService.VIOSender.send(VIOsender.java:55)
	at Main.main(Main.java:14)
2018-06-03 01:31:17,035 [ERROR][main            ][        SenderService.VIOSender] - FAILED
java.lang.IllegalArgumentException: @Field parameters can only be used with form encoding. (parameter #1)
    for method SendService.sendToUspn
	at retrofit2.ServiceMethod$Builder.methodError(ServiceMethod.java:755)
	at retrofit2.ServiceMethod$Builder.methodError(ServiceMethod.java:746)
	at retrofit2.ServiceMethod$Builder.parameterError(ServiceMethod.java:764)
	at retrofit2.ServiceMethod$Builder.parseParameterAnnotation(ServiceMethod.java:536)
	at retrofit2.ServiceMethod$Builder.parseParameter(ServiceMethod.java:339)
	at retrofit2.ServiceMethod$Builder.build(ServiceMethod.java:207)
	at retrofit2.Retrofit.loadServiceMethod(Retrofit.java:170)
	at retrofit2.Retrofit$1.invoke(Retrofit.java:147)
	at com.sun.proxy.$Proxy0.sendToUspn(Unknown Source)
	at SenderService.SendToUspn.SendServiceImpl.sendToUspn(SendServiceImpl.java:77)
	at SenderService.SendToUspn.SendServiceImpl.sendToUspn(SendServiceImpl.java:64)
	at SenderService.VIOSender.send(VIOsender.java:55)
	at Main.main(Main.java:14)
2018-06-03 01:34:15,427 [ERROR][main            ][        SenderService.VIOSender] - FAILED
java.lang.IllegalArgumentException: Unable to create converter for class java.lang.String
    for method SendService.sendToUspn
	at retrofit2.ServiceMethod$Builder.methodError(ServiceMethod.java:755)
	at retrofit2.ServiceMethod$Builder.createResponseConverter(ServiceMethod.java:741)
	at retrofit2.ServiceMethod$Builder.build(ServiceMethod.java:172)
	at retrofit2.Retrofit.loadServiceMethod(Retrofit.java:170)
	at retrofit2.Retrofit$1.invoke(Retrofit.java:147)
	at com.sun.proxy.$Proxy0.sendToUspn(Unknown Source)
	at SenderService.SendToUspn.SendServiceImpl.sendToUspn(SendServiceImpl.java:80)
	at SenderService.SendToUspn.SendServiceImpl.sendToUspn(SendServiceImpl.java:67)
	at SenderService.VIOSender.send(VIOsender.java:55)
	at Main.main(Main.java:14)
Caused by: java.lang.IllegalArgumentException: Could not locate ResponseBody converter for class java.lang.String.
  Tried:
   * retrofit2.BuiltInConverters
	at retrofit2.Retrofit.nextResponseBodyConverter(Retrofit.java:351)
	at retrofit2.Retrofit.responseBodyConverter(Retrofit.java:313)
	at retrofit2.ServiceMethod$Builder.createResponseConverter(ServiceMethod.java:739)
	... 8 more
2018-06-03 01:35:31,117 [ERROR][main            ][        SenderService.VIOSender] - FAILED
java.lang.IllegalArgumentException: Unable to create @Body converter for class java.lang.String (parameter #1)
    for method SendService.sendToUspn
	at retrofit2.ServiceMethod$Builder.methodError(ServiceMethod.java:755)
	at retrofit2.ServiceMethod$Builder.parameterError(ServiceMethod.java:760)
	at retrofit2.ServiceMethod$Builder.parseParameterAnnotation(ServiceMethod.java:716)
	at retrofit2.ServiceMethod$Builder.parseParameter(ServiceMethod.java:339)
	at retrofit2.ServiceMethod$Builder.build(ServiceMethod.java:207)
	at retrofit2.Retrofit.loadServiceMethod(Retrofit.java:170)
	at retrofit2.Retrofit$1.invoke(Retrofit.java:147)
	at com.sun.proxy.$Proxy0.sendToUspn(Unknown Source)
	at SenderService.SendToUspn.SendServiceImpl.sendToUspn(SendServiceImpl.java:78)
	at SenderService.SendToUspn.SendServiceImpl.sendToUspn(SendServiceImpl.java:63)
	at SenderService.VIOSender.send(VIOsender.java:55)
	at Main.main(Main.java:14)
Caused by: java.lang.IllegalArgumentException: Could not locate RequestBody converter for class java.lang.String.
  Tried:
   * retrofit2.BuiltInConverters
	at retrofit2.Retrofit.nextRequestBodyConverter(Retrofit.java:303)
	at retrofit2.Retrofit.requestBodyConverter(Retrofit.java:262)
	at retrofit2.ServiceMethod$Builder.parseParameterAnnotation(ServiceMethod.java:713)
	... 9 more
2018-06-03 01:56:44,730 [ERROR][main            ][        SenderService.VIOSender] - FAILED
java.lang.IllegalArgumentException: baseUrl must end in /: http://172.22.116.68:9080/vio-emulator
	at retrofit2.Retrofit$Builder.baseUrl(Retrofit.java:515)
	at retrofit2.Retrofit$Builder.baseUrl(Retrofit.java:458)
	at SenderService.SendToUspn.SendServiceImpl.sendToUspn(SendServiceImpl.java:76)
	at SenderService.SendToUspn.SendServiceImpl.sendToUspn(SendServiceImpl.java:68)
	at SenderService.VIOSender.send(VIOsender.java:55)
	at Main.main(Main.java:14)
2018-06-03 01:56:58,925 [ERROR][main            ][        SenderService.VIOSender] - FAILED
java.lang.IllegalArgumentException: baseUrl must end in /: http://172.22.116.68:9080/vio-emulator
	at retrofit2.Retrofit$Builder.baseUrl(Retrofit.java:515)
	at retrofit2.Retrofit$Builder.baseUrl(Retrofit.java:458)
	at SenderService.SendToUspn.SendServiceImpl.sendToUspn(SendServiceImpl.java:76)
	at SenderService.SendToUspn.SendServiceImpl.sendToUspn(SendServiceImpl.java:68)
	at SenderService.VIOSender.send(VIOsender.java:55)
	at Main.main(Main.java:14)
2018-06-03 01:58:34,557 [ERROR][main            ][        SenderService.VIOSender] - FAILED
java.lang.IllegalStateException: Expected a string but was BEGIN_OBJECT at line 1 column 2 path $
	at com.google.gson.stream.JsonReader.nextString(JsonReader.java:825)
	at com.google.gson.internal.bind.TypeAdapters$16.read(TypeAdapters.java:402)
	at com.google.gson.internal.bind.TypeAdapters$16.read(TypeAdapters.java:390)
	at retrofit2.converter.gson.GsonResponseBodyConverter.convert(GsonResponseBodyConverter.java:39)
	at retrofit2.converter.gson.GsonResponseBodyConverter.convert(GsonResponseBodyConverter.java:27)
	at retrofit2.ServiceMethod.toResponse(ServiceMethod.java:122)
	at retrofit2.OkHttpCall.parseResponse(OkHttpCall.java:217)
	at retrofit2.OkHttpCall.execute(OkHttpCall.java:180)
	at SenderService.SendToUspn.SendServiceImpl.sendToUspn(SendServiceImpl.java:84)
	at SenderService.SendToUspn.SendServiceImpl.sendToUspn(SendServiceImpl.java:69)
	at SenderService.VIOSender.send(VIOsender.java:55)
	at Main.main(Main.java:14)
2018-06-03 01:58:59,137 [ERROR][main            ][        SenderService.VIOSender] - FAILED
java.lang.IllegalStateException: Expected a string but was BEGIN_OBJECT at line 1 column 2 path $
	at com.google.gson.stream.JsonReader.nextString(JsonReader.java:825)
	at com.google.gson.internal.bind.TypeAdapters$16.read(TypeAdapters.java:402)
	at com.google.gson.internal.bind.TypeAdapters$16.read(TypeAdapters.java:390)
	at retrofit2.converter.gson.GsonResponseBodyConverter.convert(GsonResponseBodyConverter.java:39)
	at retrofit2.converter.gson.GsonResponseBodyConverter.convert(GsonResponseBodyConverter.java:27)
	at retrofit2.ServiceMethod.toResponse(ServiceMethod.java:122)
	at retrofit2.OkHttpCall.parseResponse(OkHttpCall.java:217)
	at retrofit2.OkHttpCall.execute(OkHttpCall.java:180)
	at SenderService.SendToUspn.SendServiceImpl.sendToUspn(SendServiceImpl.java:84)
	at SenderService.SendToUspn.SendServiceImpl.sendToUspn(SendServiceImpl.java:69)
	at SenderService.VIOSender.send(VIOsender.java:55)
	at Main.main(Main.java:14)
2018-06-03 01:59:36,061 [ERROR][main            ][        SenderService.VIOSender] - FAILED
java.lang.IllegalStateException: Expected a string but was BEGIN_OBJECT at line 1 column 2 path $
	at com.google.gson.stream.JsonReader.nextString(JsonReader.java:825)
	at com.google.gson.internal.bind.TypeAdapters$16.read(TypeAdapters.java:402)
	at com.google.gson.internal.bind.TypeAdapters$16.read(TypeAdapters.java:390)
	at retrofit2.converter.gson.GsonResponseBodyConverter.convert(GsonResponseBodyConverter.java:39)
	at retrofit2.converter.gson.GsonResponseBodyConverter.convert(GsonResponseBodyConverter.java:27)
	at retrofit2.ServiceMethod.toResponse(ServiceMethod.java:122)
	at retrofit2.OkHttpCall.parseResponse(OkHttpCall.java:217)
	at retrofit2.OkHttpCall.execute(OkHttpCall.java:180)
	at SenderService.SendToUspn.SendServiceImpl.sendToUspn(SendServiceImpl.java:84)
	at SenderService.SendToUspn.SendServiceImpl.sendToUspn(SendServiceImpl.java:69)
	at SenderService.VIOSender.send(VIOsender.java:55)
	at Main.main(Main.java:14)
2018-06-03 02:00:22,858 [ERROR][main            ][        SenderService.VIOSender] - FAILED
java.lang.NullPointerException
	at SenderService.SendToUspn.SendServiceImpl.sendToUspn(SendServiceImpl.java:85)
	at SenderService.SendToUspn.SendServiceImpl.sendToUspn(SendServiceImpl.java:69)
	at SenderService.VIOSender.send(VIOsender.java:55)
	at Main.main(Main.java:14)
2018-06-03 17:06:15,853 [ERROR][main            ][        SenderService.VIOSender] - FAILED
java.lang.IllegalArgumentException: @Part annotation must supply a name or use MultipartBody.Part parameter type. (parameter #1)
    for method UploadService.upload
	at retrofit2.ServiceMethod$Builder.methodError(ServiceMethod.java:755)
	at retrofit2.ServiceMethod$Builder.methodError(ServiceMethod.java:746)
	at retrofit2.ServiceMethod$Builder.parameterError(ServiceMethod.java:764)
	at retrofit2.ServiceMethod$Builder.parseParameterAnnotation(ServiceMethod.java:627)
	at retrofit2.ServiceMethod$Builder.parseParameter(ServiceMethod.java:339)
	at retrofit2.ServiceMethod$Builder.build(ServiceMethod.java:207)
	at retrofit2.Retrofit.loadServiceMethod(Retrofit.java:170)
	at retrofit2.Retrofit$1.invoke(Retrofit.java:147)
	at com.sun.proxy.$Proxy0.upload(Unknown Source)
	at SenderService.UploadToVio.UploadServiceImpl.upload(UploadServiceImpl.java:63)
	at SenderService.UploadToVio.UploadServiceImpl.upload(UploadServiceImpl.java:46)
	at SenderService.SendToUspn.SendServiceImpl.sendToUspn(SendServiceImpl.java:58)
	at SenderService.VIOSender.send(VIOsender.java:55)
	at Main.main(Main.java:14)
2018-06-03 17:18:26,677 [ERROR][main            ][        SenderService.VIOSender] - FAILED
java.lang.NullPointerException
	at SenderService.UploadToVio.UploadServiceImpl.upload(UploadServiceImpl.java:53)
	at SenderService.SendToUspn.SendServiceImpl.sendToUspn(SendServiceImpl.java:58)
	at SenderService.VIOSender.send(VIOsender.java:55)
	at Main.main(Main.java:14)
2018-06-03 17:18:52,502 [ERROR][main            ][        SenderService.VIOSender] - FAILED
java.lang.NullPointerException
	at SenderService.UploadToVio.UploadServiceImpl.upload(UploadServiceImpl.java:53)
	at SenderService.SendToUspn.SendServiceImpl.sendToUspn(SendServiceImpl.java:58)
	at SenderService.VIOSender.send(VIOsender.java:55)
	at Main.main(Main.java:14)
2018-06-03 17:41:46,395 [ERROR][main            ][        SenderService.VIOSender] - FAILED
java.lang.ArrayIndexOutOfBoundsException: 1
	at SenderService.UploadToVio.UploadServiceImpl.upload(UploadServiceImpl.java:72)
	at SenderService.SendToUspn.SendServiceImpl.sendToUspn(SendServiceImpl.java:58)
	at SenderService.VIOSender.send(VIOsender.java:55)
	at Main.main(Main.java:14)
2018-06-03 17:49:43,207 [ERROR][main            ][        SenderService.VIOSender] - FAILED
java.lang.ArrayIndexOutOfBoundsException: 0
	at SenderService.UploadToVio.UploadServiceImpl.upload(UploadServiceImpl.java:73)
	at SenderService.SendToUspn.SendServiceImpl.sendToUspn(SendServiceImpl.java:58)
	at SenderService.VIOSender.send(VIOsender.java:55)
	at Main.main(Main.java:14)
